<?xml version="1.0" encoding="UTF-8"?>
<!-- Generated by org.testng.reporters.JUnitXMLReporter -->
<testsuite hostname="venkat" ignored="0" name="Chrome Test" tests="9" failures="1" timestamp="2021-01-21T10:34:08 IST" time="4.12" errors="0">
  <testcase name="negTest004" time="0.017" classname="com.tmb.test.TestOne"/>
  <testcase name="negTest003" time="0.018" classname="com.tmb.test.TestOne">
    <failure type="org.openqa.selenium.NoSuchSessionException" message="invalid session id
Build info: version: &amp;apos;3.141.59&amp;apos;, revision: &amp;apos;e82be7d358&amp;apos;, time: &amp;apos;2018-11-14T08:17:03&amp;apos;
System info: host: &amp;apos;venkat&amp;apos;, ip: &amp;apos;127.0.1.1&amp;apos;, os.name: &amp;apos;Linux&amp;apos;, os.arch: &amp;apos;amd64&amp;apos;, os.version: &amp;apos;5.4.0-62-generic&amp;apos;, java.version: &amp;apos;1.8.0_241&amp;apos;
Driver info: org.openqa.selenium.chrome.ChromeDriver
Capabilities {acceptInsecureCerts: false, browserName: chrome, browserVersion: 87.0.4280.88, chrome: {chromedriverVersion: 86.0.4240.22 (398b0743353ff..., userDataDir: /tmp/.com.google.Chrome.WdA7i8}, goog:chromeOptions: {debuggerAddress: localhost:30663}, javascriptEnabled: true, networkConnectionEnabled: false, pageLoadStrategy: normal, platform: LINUX, platformName: LINUX, proxy: Proxy(), setWindowRect: true, strictFileInteractability: false, timeouts: {implicit: 0, pageLoad: 300000, script: 30000}, unhandledPromptBehavior: dismiss and notify, webauthn:virtualAuthenticators: true}
Session ID: 6577b581beb473f42aab46d5d916036e">
      <![CDATA[org.openqa.selenium.NoSuchSessionException: invalid session id
Build info: version: '3.141.59', revision: 'e82be7d358', time: '2018-11-14T08:17:03'
System info: host: 'venkat', ip: '127.0.1.1', os.name: 'Linux', os.arch: 'amd64', os.version: '5.4.0-62-generic', java.version: '1.8.0_241'
Driver info: org.openqa.selenium.chrome.ChromeDriver
Capabilities {acceptInsecureCerts: false, browserName: chrome, browserVersion: 87.0.4280.88, chrome: {chromedriverVersion: 86.0.4240.22 (398b0743353ff..., userDataDir: /tmp/.com.google.Chrome.WdA7i8}, goog:chromeOptions: {debuggerAddress: localhost:30663}, javascriptEnabled: true, networkConnectionEnabled: false, pageLoadStrategy: normal, platform: LINUX, platformName: LINUX, proxy: Proxy(), setWindowRect: true, strictFileInteractability: false, timeouts: {implicit: 0, pageLoad: 300000, script: 30000}, unhandledPromptBehavior: dismiss and notify, webauthn:virtualAuthenticators: true}
Session ID: 6577b581beb473f42aab46d5d916036e
at org.openqa.selenium.remote.http.W3CHttpResponseCodec.createException(W3CHttpResponseCodec.java:187)
at org.openqa.selenium.remote.http.W3CHttpResponseCodec.decode(W3CHttpResponseCodec.java:122)
at org.openqa.selenium.remote.http.W3CHttpResponseCodec.decode(W3CHttpResponseCodec.java:49)
at org.openqa.selenium.remote.HttpCommandExecutor.execute(HttpCommandExecutor.java:158)
at org.openqa.selenium.remote.service.DriverCommandExecutor.execute(DriverCommandExecutor.java:83)
at org.openqa.selenium.remote.RemoteWebDriver.execute(RemoteWebDriver.java:552)
at org.openqa.selenium.remote.RemoteWebDriver.execute(RemoteWebDriver.java:609)
at org.openqa.selenium.remote.RemoteWebDriver.getTitle(RemoteWebDriver.java:281)
at com.tmb.test.TestOne.negTest003(TestOne.java:44)
at java.util.ArrayList.forEach(ArrayList.java:1257)
at java.util.concurrent.FutureTask.run(FutureTask.java:266)
at java.util.concurrent.ThreadPoolExecutor.runWorker(ThreadPoolExecutor.java:1149)
at java.util.concurrent.ThreadPoolExecutor$Worker.run(ThreadPoolExecutor.java:624)
at java.lang.Thread.run(Thread.java:748)
... Removed 22 stack frames]]>
    </failure>
  </testcase> <!-- negTest003 -->
  <testcase name="negTestest002" time="0.0" classname="com.tmb.test.TestOne">
    <skipped/>
  </testcase> <!-- negTestest002 -->
  <testcase name="negTest000" time="0.0" classname="com.tmb.test.TestOne">
    <skipped/>
  </testcase> <!-- negTest000 -->
  <testcase name="test001" time="0.0" classname="com.tmb.test.TestOne">
    <skipped/>
  </testcase> <!-- test001 -->
  <testcase name="test201" time="0.0" classname="com.tmb.test.TestTwo">
    <skipped/>
  </testcase> <!-- test201 -->
  <testcase name="test202" time="0.0" classname="com.tmb.test.TestTwo">
    <skipped/>
  </testcase> <!-- test202 -->
  <testcase name="test203" time="0.0" classname="com.tmb.test.TestTwo">
    <skipped/>
  </testcase> <!-- test203 -->
  <testcase name="test204" time="0.0" classname="com.tmb.test.TestTwo">
    <skipped/>
  </testcase> <!-- test204 -->
</testsuite> <!-- Chrome Test -->
